12:59:29 **** Build of configuration Default for project HelloWorld ****
python C:/msys32/home/sideridis/esp/esp-idf/tools/windows/eclipse_make.py all 
Running make in 'C:/msys32/home/BLE-DoorLock/workspace/HelloWorld'
including C:/msys32/home/sideridis/esp/esp-idf/components/bootloader/Makefile.projbuild...
including C:/msys32/home/sideridis/esp/esp-idf/components/bootloader_support/Makefile.projbuild...
including C:/msys32/home/sideridis/esp/esp-idf/components/coap/Makefile.projbuild...
including C:/msys32/home/sideridis/esp/esp-idf/components/esp32/Makefile.projbuild...
including C:/msys32/home/sideridis/esp/esp-idf/components/esptool_py/Makefile.projbuild...
including C:/msys32/home/sideridis/esp/esp-idf/components/mbedtls/Makefile.projbuild...
including C:/msys32/home/sideridis/esp/esp-idf/components/nghttp/Makefile.projbuild...
including C:/msys32/home/sideridis/esp/esp-idf/components/partition_table/Makefile.projbuild...
including C:/msys32/home/sideridis/esp/esp-idf/components/ulp/Makefile.projbuild...
PROJECT_PATH= COMPONENT_DIRS= make -C C:/msys32/home/sideridis/esp/esp-idf/components/bootloader/subproject V=1 BUILD_DIR_BASE=C:/msys32/home/BLE-DoorLock/workspace/HelloWorld/build/bootloader TEST_COMPONENTS= TESTS_ALL= C:/msys32/home/BLE-DoorLock/workspace/HelloWorld/build/bootloader/bootloader.bin
make[1]: Entering directory 'C:/msys32/home/sideridis/esp/esp-idf/components/bootloader/subproject'
including C:/msys32/home/sideridis/esp/esp-idf/components/esptool_py/Makefile.projbuild...
including C:/msys32/home/sideridis/esp/esp-idf/components/bootloader_support/Makefile.projbuild...
including C:/msys32/home/sideridis/esp/esp-idf/components/bootloader/subproject/main/Makefile.projbuild...
make -C C:/msys32/home/BLE-DoorLock/workspace/HelloWorld/build/bootloader/bootloader_support -f C:/msys32/home/sideridis/esp/esp-idf/make/component_wrapper.mk COMPONENT_MAKEFILE=C:/msys32/home/sideridis/esp/esp-idf/components/bootloader_support/component.mk COMPONENT_NAME=bootloader_support build
make[2]: Entering directory 'C:/msys32/home/BLE-DoorLock/workspace/HelloWorld/build/bootloader/bootloader_support'
make[2]: Nothing to be done for 'build'.
make[2]: Leaving directory 'C:/msys32/home/BLE-DoorLock/workspace/HelloWorld/build/bootloader/bootloader_support'
Target 'component-bootloader_support-build' responsible for 'C:/msys32/home/BLE-DoorLock/workspace/HelloWorld/build/bootloader/bootloader_support/libbootloader_support.a'
make -C C:/msys32/home/BLE-DoorLock/workspace/HelloWorld/build/bootloader/log -f C:/msys32/home/sideridis/esp/esp-idf/make/component_wrapper.mk COMPONENT_MAKEFILE=C:/msys32/home/sideridis/esp/esp-idf/components/log/component.mk COMPONENT_NAME=log build
make[2]: Entering directory 'C:/msys32/home/BLE-DoorLock/workspace/HelloWorld/build/bootloader/log'
make[2]: Nothing to be done for 'build'.
make[2]: Leaving directory 'C:/msys32/home/BLE-DoorLock/workspace/HelloWorld/build/bootloader/log'
Target 'component-log-build' responsible for 'C:/msys32/home/BLE-DoorLock/workspace/HelloWorld/build/bootloader/log/liblog.a'
make -C C:/msys32/home/BLE-DoorLock/workspace/HelloWorld/build/bootloader/spi_flash -f C:/msys32/home/sideridis/esp/esp-idf/make/component_wrapper.mk COMPONENT_MAKEFILE=C:/msys32/home/sideridis/esp/esp-idf/components/spi_flash/component.mk COMPONENT_NAME=spi_flash build
make[2]: Entering directory 'C:/msys32/home/BLE-DoorLock/workspace/HelloWorld/build/bootloader/spi_flash'
make[2]: Nothing to be done for 'build'.
make[2]: Leaving directory 'C:/msys32/home/BLE-DoorLock/workspace/HelloWorld/build/bootloader/spi_flash'
Target 'component-spi_flash-build' responsible for 'C:/msys32/home/BLE-DoorLock/workspace/HelloWorld/build/bootloader/spi_flash/libspi_flash.a'
make -C C:/msys32/home/BLE-DoorLock/workspace/HelloWorld/build/bootloader/micro-ecc -f C:/msys32/home/sideridis/esp/esp-idf/make/component_wrapper.mk COMPONENT_MAKEFILE=C:/msys32/home/sideridis/esp/esp-idf/components/micro-ecc/component.mk COMPONENT_NAME=micro-ecc build
make[2]: Entering directory 'C:/msys32/home/BLE-DoorLock/workspace/HelloWorld/build/bootloader/micro-ecc'
make[2]: Nothing to be done for 'build'.
make[2]: Leaving directory 'C:/msys32/home/BLE-DoorLock/workspace/HelloWorld/build/bootloader/micro-ecc'
Target 'component-micro-ecc-build' responsible for 'C:/msys32/home/BLE-DoorLock/workspace/HelloWorld/build/bootloader/micro-ecc/libmicro-ecc.a'
make -C C:/msys32/home/BLE-DoorLock/workspace/HelloWorld/build/bootloader/soc -f C:/msys32/home/sideridis/esp/esp-idf/make/component_wrapper.mk COMPONENT_MAKEFILE=C:/msys32/home/sideridis/esp/esp-idf/components/soc/component.mk COMPONENT_NAME=soc build
make[2]: Entering directory 'C:/msys32/home/BLE-DoorLock/workspace/HelloWorld/build/bootloader/soc'
make[2]: Nothing to be done for 'build'.
make[2]: Leaving directory 'C:/msys32/home/BLE-DoorLock/workspace/HelloWorld/build/bootloader/soc'
Target 'component-soc-build' responsible for 'C:/msys32/home/BLE-DoorLock/workspace/HelloWorld/build/bootloader/soc/libsoc.a'
make -C C:/msys32/home/BLE-DoorLock/workspace/HelloWorld/build/bootloader/main -f C:/msys32/home/sideridis/esp/esp-idf/make/component_wrapper.mk COMPONENT_MAKEFILE=C:/msys32/home/sideridis/esp/esp-idf/components/bootloader/subproject/main/component.mk COMPONENT_NAME=main build
make[2]: Entering directory 'C:/msys32/home/BLE-DoorLock/workspace/HelloWorld/build/bootloader/main'
make[2]: Nothing to be done for 'build'.
make[2]: Leaving directory 'C:/msys32/home/BLE-DoorLock/workspace/HelloWorld/build/bootloader/main'
Target 'component-main-build' responsible for 'C:/msys32/home/BLE-DoorLock/workspace/HelloWorld/build/bootloader/main/libmain.a'
make[1]: Leaving directory 'C:/msys32/home/sideridis/esp/esp-idf/components/bootloader/subproject'
make -C C:/msys32/home/BLE-DoorLock/workspace/HelloWorld/build/app_trace -f C:/msys32/home/sideridis/esp/esp-idf/make/component_wrapper.mk COMPONENT_MAKEFILE=C:/msys32/home/sideridis/esp/esp-idf/components/app_trace/component.mk COMPONENT_NAME=app_trace build
make[1]: Entering directory 'C:/msys32/home/BLE-DoorLock/workspace/HelloWorld/build/app_trace'
make[1]: Nothing to be done for 'build'.
make[1]: Leaving directory 'C:/msys32/home/BLE-DoorLock/workspace/HelloWorld/build/app_trace'
Target 'component-app_trace-build' responsible for 'C:/msys32/home/BLE-DoorLock/workspace/HelloWorld/build/app_trace/libapp_trace.a'
make -C C:/msys32/home/BLE-DoorLock/workspace/HelloWorld/build/app_update -f C:/msys32/home/sideridis/esp/esp-idf/make/component_wrapper.mk COMPONENT_MAKEFILE=C:/msys32/home/sideridis/esp/esp-idf/components/app_update/component.mk COMPONENT_NAME=app_update build
make[1]: Entering directory 'C:/msys32/home/BLE-DoorLock/workspace/HelloWorld/build/app_update'
make[1]: Nothing to be done for 'build'.
make[1]: Leaving directory 'C:/msys32/home/BLE-DoorLock/workspace/HelloWorld/build/app_update'
Target 'component-app_update-build' responsible for 'C:/msys32/home/BLE-DoorLock/workspace/HelloWorld/build/app_update/libapp_update.a'
make -C C:/msys32/home/BLE-DoorLock/workspace/HelloWorld/build/aws_iot -f C:/msys32/home/sideridis/esp/esp-idf/make/component_wrapper.mk COMPONENT_MAKEFILE=C:/msys32/home/sideridis/esp/esp-idf/components/aws_iot/component.mk COMPONENT_NAME=aws_iot build
make[1]: Entering directory 'C:/msys32/home/BLE-DoorLock/workspace/HelloWorld/build/aws_iot'
make[1]: Nothing to be done for 'build'.
make[1]: Leaving directory 'C:/msys32/home/BLE-DoorLock/workspace/HelloWorld/build/aws_iot'
Target 'component-aws_iot-build' responsible for 'C:/msys32/home/BLE-DoorLock/workspace/HelloWorld/build/aws_iot/libaws_iot.a'
make -C C:/msys32/home/BLE-DoorLock/workspace/HelloWorld/build/bootloader_support -f C:/msys32/home/sideridis/esp/esp-idf/make/component_wrapper.mk COMPONENT_MAKEFILE=C:/msys32/home/sideridis/esp/esp-idf/components/bootloader_support/component.mk COMPONENT_NAME=bootloader_support build
make[1]: Entering directory 'C:/msys32/home/BLE-DoorLock/workspace/HelloWorld/build/bootloader_support'
make[1]: Nothing to be done for 'build'.
make[1]: Leaving directory 'C:/msys32/home/BLE-DoorLock/workspace/HelloWorld/build/bootloader_support'
Target 'component-bootloader_support-build' responsible for 'C:/msys32/home/BLE-DoorLock/workspace/HelloWorld/build/bootloader_support/libbootloader_support.a'
make -C C:/msys32/home/BLE-DoorLock/workspace/HelloWorld/build/bt -f C:/msys32/home/sideridis/esp/esp-idf/make/component_wrapper.mk COMPONENT_MAKEFILE=C:/msys32/home/sideridis/esp/esp-idf/components/bt/component.mk COMPONENT_NAME=bt build
make[1]: Entering directory 'C:/msys32/home/BLE-DoorLock/workspace/HelloWorld/build/bt'
make[1]: Nothing to be done for 'build'.
make[1]: Leaving directory 'C:/msys32/home/BLE-DoorLock/workspace/HelloWorld/build/bt'
Target 'component-bt-build' responsible for 'C:/msys32/home/BLE-DoorLock/workspace/HelloWorld/build/bt/libbt.a'
make -C C:/msys32/home/BLE-DoorLock/workspace/HelloWorld/build/coap -f C:/msys32/home/sideridis/esp/esp-idf/make/component_wrapper.mk COMPONENT_MAKEFILE=C:/msys32/home/sideridis/esp/esp-idf/components/coap/component.mk COMPONENT_NAME=coap build
make[1]: Entering directory 'C:/msys32/home/BLE-DoorLock/workspace/HelloWorld/build/coap'
make[1]: Nothing to be done for 'build'.
make[1]: Leaving directory 'C:/msys32/home/BLE-DoorLock/workspace/HelloWorld/build/coap'
Target 'component-coap-build' responsible for 'C:/msys32/home/BLE-DoorLock/workspace/HelloWorld/build/coap/libcoap.a'
make -C C:/msys32/home/BLE-DoorLock/workspace/HelloWorld/build/console -f C:/msys32/home/sideridis/esp/esp-idf/make/component_wrapper.mk COMPONENT_MAKEFILE=C:/msys32/home/sideridis/esp/esp-idf/components/console/component.mk COMPONENT_NAME=console build
make[1]: Entering directory 'C:/msys32/home/BLE-DoorLock/workspace/HelloWorld/build/console'
make[1]: Nothing to be done for 'build'.
make[1]: Leaving directory 'C:/msys32/home/BLE-DoorLock/workspace/HelloWorld/build/console'
Target 'component-console-build' responsible for 'C:/msys32/home/BLE-DoorLock/workspace/HelloWorld/build/console/libconsole.a'
make -C C:/msys32/home/BLE-DoorLock/workspace/HelloWorld/build/cxx -f C:/msys32/home/sideridis/esp/esp-idf/make/component_wrapper.mk COMPONENT_MAKEFILE=C:/msys32/home/sideridis/esp/esp-idf/components/cxx/component.mk COMPONENT_NAME=cxx build
make[1]: Entering directory 'C:/msys32/home/BLE-DoorLock/workspace/HelloWorld/build/cxx'
make[1]: Nothing to be done for 'build'.
make[1]: Leaving directory 'C:/msys32/home/BLE-DoorLock/workspace/HelloWorld/build/cxx'
Target 'component-cxx-build' responsible for 'C:/msys32/home/BLE-DoorLock/workspace/HelloWorld/build/cxx/libcxx.a'
make -C C:/msys32/home/BLE-DoorLock/workspace/HelloWorld/build/driver -f C:/msys32/home/sideridis/esp/esp-idf/make/component_wrapper.mk COMPONENT_MAKEFILE=C:/msys32/home/sideridis/esp/esp-idf/components/driver/component.mk COMPONENT_NAME=driver build
make[1]: Entering directory 'C:/msys32/home/BLE-DoorLock/workspace/HelloWorld/build/driver'
make[1]: Nothing to be done for 'build'.
make[1]: Leaving directory 'C:/msys32/home/BLE-DoorLock/workspace/HelloWorld/build/driver'
Target 'component-driver-build' responsible for 'C:/msys32/home/BLE-DoorLock/workspace/HelloWorld/build/driver/libdriver.a'
make -C C:/msys32/home/BLE-DoorLock/workspace/HelloWorld/build/esp32 -f C:/msys32/home/sideridis/esp/esp-idf/make/component_wrapper.mk COMPONENT_MAKEFILE=C:/msys32/home/sideridis/esp/esp-idf/components/esp32/component.mk COMPONENT_NAME=esp32 build
make[1]: Entering directory 'C:/msys32/home/BLE-DoorLock/workspace/HelloWorld/build/esp32'
make[1]: Nothing to be done for 'build'.
make[1]: Leaving directory 'C:/msys32/home/BLE-DoorLock/workspace/HelloWorld/build/esp32'
Target 'component-esp32-build' responsible for 'C:/msys32/home/BLE-DoorLock/workspace/HelloWorld/build/esp32/libesp32.a'
make -C C:/msys32/home/BLE-DoorLock/workspace/HelloWorld/build/esp_adc_cal -f C:/msys32/home/sideridis/esp/esp-idf/make/component_wrapper.mk COMPONENT_MAKEFILE=C:/msys32/home/sideridis/esp/esp-idf/components/esp_adc_cal/component.mk COMPONENT_NAME=esp_adc_cal build
make[1]: Entering directory 'C:/msys32/home/BLE-DoorLock/workspace/HelloWorld/build/esp_adc_cal'
make[1]: Nothing to be done for 'build'.
make[1]: Leaving directory 'C:/msys32/home/BLE-DoorLock/workspace/HelloWorld/build/esp_adc_cal'
Target 'component-esp_adc_cal-build' responsible for 'C:/msys32/home/BLE-DoorLock/workspace/HelloWorld/build/esp_adc_cal/libesp_adc_cal.a'
make -C C:/msys32/home/BLE-DoorLock/workspace/HelloWorld/build/ethernet -f C:/msys32/home/sideridis/esp/esp-idf/make/component_wrapper.mk COMPONENT_MAKEFILE=C:/msys32/home/sideridis/esp/esp-idf/components/ethernet/component.mk COMPONENT_NAME=ethernet build
make[1]: Entering directory 'C:/msys32/home/BLE-DoorLock/workspace/HelloWorld/build/ethernet'
make[1]: Nothing to be done for 'build'.
make[1]: Leaving directory 'C:/msys32/home/BLE-DoorLock/workspace/HelloWorld/build/ethernet'
Target 'component-ethernet-build' responsible for 'C:/msys32/home/BLE-DoorLock/workspace/HelloWorld/build/ethernet/libethernet.a'
make -C C:/msys32/home/BLE-DoorLock/workspace/HelloWorld/build/expat -f C:/msys32/home/sideridis/esp/esp-idf/make/component_wrapper.mk COMPONENT_MAKEFILE=C:/msys32/home/sideridis/esp/esp-idf/components/expat/component.mk COMPONENT_NAME=expat build
make[1]: Entering directory 'C:/msys32/home/BLE-DoorLock/workspace/HelloWorld/build/expat'
make[1]: Nothing to be done for 'build'.
make[1]: Leaving directory 'C:/msys32/home/BLE-DoorLock/workspace/HelloWorld/build/expat'
Target 'component-expat-build' responsible for 'C:/msys32/home/BLE-DoorLock/workspace/HelloWorld/build/expat/libexpat.a'
make -C C:/msys32/home/BLE-DoorLock/workspace/HelloWorld/build/fatfs -f C:/msys32/home/sideridis/esp/esp-idf/make/component_wrapper.mk COMPONENT_MAKEFILE=C:/msys32/home/sideridis/esp/esp-idf/components/fatfs/component.mk COMPONENT_NAME=fatfs build
make[1]: Entering directory 'C:/msys32/home/BLE-DoorLock/workspace/HelloWorld/build/fatfs'
make[1]: Nothing to be done for 'build'.
make[1]: Leaving directory 'C:/msys32/home/BLE-DoorLock/workspace/HelloWorld/build/fatfs'
Target 'component-fatfs-build' responsible for 'C:/msys32/home/BLE-DoorLock/workspace/HelloWorld/build/fatfs/libfatfs.a'
make -C C:/msys32/home/BLE-DoorLock/workspace/HelloWorld/build/freertos -f C:/msys32/home/sideridis/esp/esp-idf/make/component_wrapper.mk COMPONENT_MAKEFILE=C:/msys32/home/sideridis/esp/esp-idf/components/freertos/component.mk COMPONENT_NAME=freertos build
make[1]: Entering directory 'C:/msys32/home/BLE-DoorLock/workspace/HelloWorld/build/freertos'
make[1]: Nothing to be done for 'build'.
make[1]: Leaving directory 'C:/msys32/home/BLE-DoorLock/workspace/HelloWorld/build/freertos'
Target 'component-freertos-build' responsible for 'C:/msys32/home/BLE-DoorLock/workspace/HelloWorld/build/freertos/libfreertos.a'
make -C C:/msys32/home/BLE-DoorLock/workspace/HelloWorld/build/heap -f C:/msys32/home/sideridis/esp/esp-idf/make/component_wrapper.mk COMPONENT_MAKEFILE=C:/msys32/home/sideridis/esp/esp-idf/components/heap/component.mk COMPONENT_NAME=heap build
make[1]: Entering directory 'C:/msys32/home/BLE-DoorLock/workspace/HelloWorld/build/heap'
make[1]: Nothing to be done for 'build'.
make[1]: Leaving directory 'C:/msys32/home/BLE-DoorLock/workspace/HelloWorld/build/heap'
Target 'component-heap-build' responsible for 'C:/msys32/home/BLE-DoorLock/workspace/HelloWorld/build/heap/libheap.a'
make -C C:/msys32/home/BLE-DoorLock/workspace/HelloWorld/build/jsmn -f C:/msys32/home/sideridis/esp/esp-idf/make/component_wrapper.mk COMPONENT_MAKEFILE=C:/msys32/home/sideridis/esp/esp-idf/components/jsmn/component.mk COMPONENT_NAME=jsmn build
make[1]: Entering directory 'C:/msys32/home/BLE-DoorLock/workspace/HelloWorld/build/jsmn'
make[1]: Nothing to be done for 'build'.
make[1]: Leaving directory 'C:/msys32/home/BLE-DoorLock/workspace/HelloWorld/build/jsmn'
Target 'component-jsmn-build' responsible for 'C:/msys32/home/BLE-DoorLock/workspace/HelloWorld/build/jsmn/libjsmn.a'
make -C C:/msys32/home/BLE-DoorLock/workspace/HelloWorld/build/json -f C:/msys32/home/sideridis/esp/esp-idf/make/component_wrapper.mk COMPONENT_MAKEFILE=C:/msys32/home/sideridis/esp/esp-idf/components/json/component.mk COMPONENT_NAME=json build
make[1]: Entering directory 'C:/msys32/home/BLE-DoorLock/workspace/HelloWorld/build/json'
make[1]: Nothing to be done for 'build'.
make[1]: Leaving directory 'C:/msys32/home/BLE-DoorLock/workspace/HelloWorld/build/json'
Target 'component-json-build' responsible for 'C:/msys32/home/BLE-DoorLock/workspace/HelloWorld/build/json/libjson.a'
make -C C:/msys32/home/BLE-DoorLock/workspace/HelloWorld/build/libsodium -f C:/msys32/home/sideridis/esp/esp-idf/make/component_wrapper.mk COMPONENT_MAKEFILE=C:/msys32/home/sideridis/esp/esp-idf/components/libsodium/component.mk COMPONENT_NAME=libsodium build
make[1]: Entering directory 'C:/msys32/home/BLE-DoorLock/workspace/HelloWorld/build/libsodium'
make[1]: Nothing to be done for 'build'.
make[1]: Leaving directory 'C:/msys32/home/BLE-DoorLock/workspace/HelloWorld/build/libsodium'
Target 'component-libsodium-build' responsible for 'C:/msys32/home/BLE-DoorLock/workspace/HelloWorld/build/libsodium/liblibsodium.a'
make -C C:/msys32/home/BLE-DoorLock/workspace/HelloWorld/build/log -f C:/msys32/home/sideridis/esp/esp-idf/make/component_wrapper.mk COMPONENT_MAKEFILE=C:/msys32/home/sideridis/esp/esp-idf/components/log/component.mk COMPONENT_NAME=log build
make[1]: Entering directory 'C:/msys32/home/BLE-DoorLock/workspace/HelloWorld/build/log'
make[1]: Nothing to be done for 'build'.
make[1]: Leaving directory 'C:/msys32/home/BLE-DoorLock/workspace/HelloWorld/build/log'
Target 'component-log-build' responsible for 'C:/msys32/home/BLE-DoorLock/workspace/HelloWorld/build/log/liblog.a'
make -C C:/msys32/home/BLE-DoorLock/workspace/HelloWorld/build/lwip -f C:/msys32/home/sideridis/esp/esp-idf/make/component_wrapper.mk COMPONENT_MAKEFILE=C:/msys32/home/sideridis/esp/esp-idf/components/lwip/component.mk COMPONENT_NAME=lwip build
make[1]: Entering directory 'C:/msys32/home/BLE-DoorLock/workspace/HelloWorld/build/lwip'
make[1]: Nothing to be done for 'build'.
make[1]: Leaving directory 'C:/msys32/home/BLE-DoorLock/workspace/HelloWorld/build/lwip'
Target 'component-lwip-build' responsible for 'C:/msys32/home/BLE-DoorLock/workspace/HelloWorld/build/lwip/liblwip.a'
make -C C:/msys32/home/BLE-DoorLock/workspace/HelloWorld/build/main -f C:/msys32/home/sideridis/esp/esp-idf/make/component_wrapper.mk COMPONENT_MAKEFILE=C:/msys32/home/BLE-DoorLock/workspace/HelloWorld/main/component.mk COMPONENT_NAME=main build
make[1]: Entering directory 'C:/msys32/home/BLE-DoorLock/workspace/HelloWorld/build/main'
make[1]: Nothing to be done for 'build'.
make[1]: Leaving directory 'C:/msys32/home/BLE-DoorLock/workspace/HelloWorld/build/main'
Target 'component-main-build' responsible for 'C:/msys32/home/BLE-DoorLock/workspace/HelloWorld/build/main/libmain.a'
make -C C:/msys32/home/BLE-DoorLock/workspace/HelloWorld/build/mbedtls -f C:/msys32/home/sideridis/esp/esp-idf/make/component_wrapper.mk COMPONENT_MAKEFILE=C:/msys32/home/sideridis/esp/esp-idf/components/mbedtls/component.mk COMPONENT_NAME=mbedtls build
make[1]: Entering directory 'C:/msys32/home/BLE-DoorLock/workspace/HelloWorld/build/mbedtls'
make[1]: Nothing to be done for 'build'.
make[1]: Leaving directory 'C:/msys32/home/BLE-DoorLock/workspace/HelloWorld/build/mbedtls'
Target 'component-mbedtls-build' responsible for 'C:/msys32/home/BLE-DoorLock/workspace/HelloWorld/build/mbedtls/libmbedtls.a'
make -C C:/msys32/home/BLE-DoorLock/workspace/HelloWorld/build/mdns -f C:/msys32/home/sideridis/esp/esp-idf/make/component_wrapper.mk COMPONENT_MAKEFILE=C:/msys32/home/sideridis/esp/esp-idf/components/mdns/component.mk COMPONENT_NAME=mdns build
make[1]: Entering directory 'C:/msys32/home/BLE-DoorLock/workspace/HelloWorld/build/mdns'
make[1]: Nothing to be done for 'build'.
make[1]: Leaving directory 'C:/msys32/home/BLE-DoorLock/workspace/HelloWorld/build/mdns'
Target 'component-mdns-build' responsible for 'C:/msys32/home/BLE-DoorLock/workspace/HelloWorld/build/mdns/libmdns.a'
make -C C:/msys32/home/BLE-DoorLock/workspace/HelloWorld/build/micro-ecc -f C:/msys32/home/sideridis/esp/esp-idf/make/component_wrapper.mk COMPONENT_MAKEFILE=C:/msys32/home/sideridis/esp/esp-idf/components/micro-ecc/component.mk COMPONENT_NAME=micro-ecc build
make[1]: Entering directory 'C:/msys32/home/BLE-DoorLock/workspace/HelloWorld/build/micro-ecc'
make[1]: Nothing to be done for 'build'.
make[1]: Leaving directory 'C:/msys32/home/BLE-DoorLock/workspace/HelloWorld/build/micro-ecc'
Target 'component-micro-ecc-build' responsible for 'C:/msys32/home/BLE-DoorLock/workspace/HelloWorld/build/micro-ecc/libmicro-ecc.a'
make -C C:/msys32/home/BLE-DoorLock/workspace/HelloWorld/build/newlib -f C:/msys32/home/sideridis/esp/esp-idf/make/component_wrapper.mk COMPONENT_MAKEFILE=C:/msys32/home/sideridis/esp/esp-idf/components/newlib/component.mk COMPONENT_NAME=newlib build
make[1]: Entering directory 'C:/msys32/home/BLE-DoorLock/workspace/HelloWorld/build/newlib'
make[1]: Nothing to be done for 'build'.
make[1]: Leaving directory 'C:/msys32/home/BLE-DoorLock/workspace/HelloWorld/build/newlib'
Target 'component-newlib-build' responsible for 'C:/msys32/home/BLE-DoorLock/workspace/HelloWorld/build/newlib/libnewlib.a'
make -C C:/msys32/home/BLE-DoorLock/workspace/HelloWorld/build/nghttp -f C:/msys32/home/sideridis/esp/esp-idf/make/component_wrapper.mk COMPONENT_MAKEFILE=C:/msys32/home/sideridis/esp/esp-idf/components/nghttp/component.mk COMPONENT_NAME=nghttp build
make[1]: Entering directory 'C:/msys32/home/BLE-DoorLock/workspace/HelloWorld/build/nghttp'
make[1]: Nothing to be done for 'build'.
make[1]: Leaving directory 'C:/msys32/home/BLE-DoorLock/workspace/HelloWorld/build/nghttp'
Target 'component-nghttp-build' responsible for 'C:/msys32/home/BLE-DoorLock/workspace/HelloWorld/build/nghttp/libnghttp.a'
make -C C:/msys32/home/BLE-DoorLock/workspace/HelloWorld/build/nvs_flash -f C:/msys32/home/sideridis/esp/esp-idf/make/component_wrapper.mk COMPONENT_MAKEFILE=C:/msys32/home/sideridis/esp/esp-idf/components/nvs_flash/component.mk COMPONENT_NAME=nvs_flash build
make[1]: Entering directory 'C:/msys32/home/BLE-DoorLock/workspace/HelloWorld/build/nvs_flash'
make[1]: Nothing to be done for 'build'.
make[1]: Leaving directory 'C:/msys32/home/BLE-DoorLock/workspace/HelloWorld/build/nvs_flash'
Target 'component-nvs_flash-build' responsible for 'C:/msys32/home/BLE-DoorLock/workspace/HelloWorld/build/nvs_flash/libnvs_flash.a'
make -C C:/msys32/home/BLE-DoorLock/workspace/HelloWorld/build/openssl -f C:/msys32/home/sideridis/esp/esp-idf/make/component_wrapper.mk COMPONENT_MAKEFILE=C:/msys32/home/sideridis/esp/esp-idf/components/openssl/component.mk COMPONENT_NAME=openssl build
make[1]: Entering directory 'C:/msys32/home/BLE-DoorLock/workspace/HelloWorld/build/openssl'
make[1]: Nothing to be done for 'build'.
make[1]: Leaving directory 'C:/msys32/home/BLE-DoorLock/workspace/HelloWorld/build/openssl'
Target 'component-openssl-build' responsible for 'C:/msys32/home/BLE-DoorLock/workspace/HelloWorld/build/openssl/libopenssl.a'
make -C C:/msys32/home/BLE-DoorLock/workspace/HelloWorld/build/pthread -f C:/msys32/home/sideridis/esp/esp-idf/make/component_wrapper.mk COMPONENT_MAKEFILE=C:/msys32/home/sideridis/esp/esp-idf/components/pthread/component.mk COMPONENT_NAME=pthread build
make[1]: Entering directory 'C:/msys32/home/BLE-DoorLock/workspace/HelloWorld/build/pthread'
make[1]: Nothing to be done for 'build'.
make[1]: Leaving directory 'C:/msys32/home/BLE-DoorLock/workspace/HelloWorld/build/pthread'
Target 'component-pthread-build' responsible for 'C:/msys32/home/BLE-DoorLock/workspace/HelloWorld/build/pthread/libpthread.a'
make -C C:/msys32/home/BLE-DoorLock/workspace/HelloWorld/build/sdmmc -f C:/msys32/home/sideridis/esp/esp-idf/make/component_wrapper.mk COMPONENT_MAKEFILE=C:/msys32/home/sideridis/esp/esp-idf/components/sdmmc/component.mk COMPONENT_NAME=sdmmc build
make[1]: Entering directory 'C:/msys32/home/BLE-DoorLock/workspace/HelloWorld/build/sdmmc'
make[1]: Nothing to be done for 'build'.
make[1]: Leaving directory 'C:/msys32/home/BLE-DoorLock/workspace/HelloWorld/build/sdmmc'
Target 'component-sdmmc-build' responsible for 'C:/msys32/home/BLE-DoorLock/workspace/HelloWorld/build/sdmmc/libsdmmc.a'
make -C C:/msys32/home/BLE-DoorLock/workspace/HelloWorld/build/soc -f C:/msys32/home/sideridis/esp/esp-idf/make/component_wrapper.mk COMPONENT_MAKEFILE=C:/msys32/home/sideridis/esp/esp-idf/components/soc/component.mk COMPONENT_NAME=soc build
make[1]: Entering directory 'C:/msys32/home/BLE-DoorLock/workspace/HelloWorld/build/soc'
make[1]: Nothing to be done for 'build'.
make[1]: Leaving directory 'C:/msys32/home/BLE-DoorLock/workspace/HelloWorld/build/soc'
Target 'component-soc-build' responsible for 'C:/msys32/home/BLE-DoorLock/workspace/HelloWorld/build/soc/libsoc.a'
make -C C:/msys32/home/BLE-DoorLock/workspace/HelloWorld/build/spi_flash -f C:/msys32/home/sideridis/esp/esp-idf/make/component_wrapper.mk COMPONENT_MAKEFILE=C:/msys32/home/sideridis/esp/esp-idf/components/spi_flash/component.mk COMPONENT_NAME=spi_flash build
make[1]: Entering directory 'C:/msys32/home/BLE-DoorLock/workspace/HelloWorld/build/spi_flash'
make[1]: Nothing to be done for 'build'.
make[1]: Leaving directory 'C:/msys32/home/BLE-DoorLock/workspace/HelloWorld/build/spi_flash'
Target 'component-spi_flash-build' responsible for 'C:/msys32/home/BLE-DoorLock/workspace/HelloWorld/build/spi_flash/libspi_flash.a'
make -C C:/msys32/home/BLE-DoorLock/workspace/HelloWorld/build/spiffs -f C:/msys32/home/sideridis/esp/esp-idf/make/component_wrapper.mk COMPONENT_MAKEFILE=C:/msys32/home/sideridis/esp/esp-idf/components/spiffs/component.mk COMPONENT_NAME=spiffs build
make[1]: Entering directory 'C:/msys32/home/BLE-DoorLock/workspace/HelloWorld/build/spiffs'
make[1]: Nothing to be done for 'build'.
make[1]: Leaving directory 'C:/msys32/home/BLE-DoorLock/workspace/HelloWorld/build/spiffs'
Target 'component-spiffs-build' responsible for 'C:/msys32/home/BLE-DoorLock/workspace/HelloWorld/build/spiffs/libspiffs.a'
make -C C:/msys32/home/BLE-DoorLock/workspace/HelloWorld/build/tcpip_adapter -f C:/msys32/home/sideridis/esp/esp-idf/make/component_wrapper.mk COMPONENT_MAKEFILE=C:/msys32/home/sideridis/esp/esp-idf/components/tcpip_adapter/component.mk COMPONENT_NAME=tcpip_adapter build
make[1]: Entering directory 'C:/msys32/home/BLE-DoorLock/workspace/HelloWorld/build/tcpip_adapter'
make[1]: Nothing to be done for 'build'.
make[1]: Leaving directory 'C:/msys32/home/BLE-DoorLock/workspace/HelloWorld/build/tcpip_adapter'
Target 'component-tcpip_adapter-build' responsible for 'C:/msys32/home/BLE-DoorLock/workspace/HelloWorld/build/tcpip_adapter/libtcpip_adapter.a'
make -C C:/msys32/home/BLE-DoorLock/workspace/HelloWorld/build/ulp -f C:/msys32/home/sideridis/esp/esp-idf/make/component_wrapper.mk COMPONENT_MAKEFILE=C:/msys32/home/sideridis/esp/esp-idf/components/ulp/component.mk COMPONENT_NAME=ulp build
make[1]: Entering directory 'C:/msys32/home/BLE-DoorLock/workspace/HelloWorld/build/ulp'
make[1]: Nothing to be done for 'build'.
make[1]: Leaving directory 'C:/msys32/home/BLE-DoorLock/workspace/HelloWorld/build/ulp'
Target 'component-ulp-build' responsible for 'C:/msys32/home/BLE-DoorLock/workspace/HelloWorld/build/ulp/libulp.a'
make -C C:/msys32/home/BLE-DoorLock/workspace/HelloWorld/build/vfs -f C:/msys32/home/sideridis/esp/esp-idf/make/component_wrapper.mk COMPONENT_MAKEFILE=C:/msys32/home/sideridis/esp/esp-idf/components/vfs/component.mk COMPONENT_NAME=vfs build
make[1]: Entering directory 'C:/msys32/home/BLE-DoorLock/workspace/HelloWorld/build/vfs'
make[1]: Nothing to be done for 'build'.
make[1]: Leaving directory 'C:/msys32/home/BLE-DoorLock/workspace/HelloWorld/build/vfs'
Target 'component-vfs-build' responsible for 'C:/msys32/home/BLE-DoorLock/workspace/HelloWorld/build/vfs/libvfs.a'
make -C C:/msys32/home/BLE-DoorLock/workspace/HelloWorld/build/wear_levelling -f C:/msys32/home/sideridis/esp/esp-idf/make/component_wrapper.mk COMPONENT_MAKEFILE=C:/msys32/home/sideridis/esp/esp-idf/components/wear_levelling/component.mk COMPONENT_NAME=wear_levelling build
make[1]: Entering directory 'C:/msys32/home/BLE-DoorLock/workspace/HelloWorld/build/wear_levelling'
make[1]: Nothing to be done for 'build'.
make[1]: Leaving directory 'C:/msys32/home/BLE-DoorLock/workspace/HelloWorld/build/wear_levelling'
Target 'component-wear_levelling-build' responsible for 'C:/msys32/home/BLE-DoorLock/workspace/HelloWorld/build/wear_levelling/libwear_levelling.a'
make -C C:/msys32/home/BLE-DoorLock/workspace/HelloWorld/build/wpa_supplicant -f C:/msys32/home/sideridis/esp/esp-idf/make/component_wrapper.mk COMPONENT_MAKEFILE=C:/msys32/home/sideridis/esp/esp-idf/components/wpa_supplicant/component.mk COMPONENT_NAME=wpa_supplicant build
make[1]: Entering directory 'C:/msys32/home/BLE-DoorLock/workspace/HelloWorld/build/wpa_supplicant'
make[1]: Nothing to be done for 'build'.
make[1]: Leaving directory 'C:/msys32/home/BLE-DoorLock/workspace/HelloWorld/build/wpa_supplicant'
Target 'component-wpa_supplicant-build' responsible for 'C:/msys32/home/BLE-DoorLock/workspace/HelloWorld/build/wpa_supplicant/libwpa_supplicant.a'
make -C C:/msys32/home/BLE-DoorLock/workspace/HelloWorld/build/xtensa-debug-module -f C:/msys32/home/sideridis/esp/esp-idf/make/component_wrapper.mk COMPONENT_MAKEFILE=C:/msys32/home/sideridis/esp/esp-idf/components/xtensa-debug-module/component.mk COMPONENT_NAME=xtensa-debug-module build
make[1]: Entering directory 'C:/msys32/home/BLE-DoorLock/workspace/HelloWorld/build/xtensa-debug-module'
make[1]: Nothing to be done for 'build'.
make[1]: Leaving directory 'C:/msys32/home/BLE-DoorLock/workspace/HelloWorld/build/xtensa-debug-module'
Target 'component-xtensa-debug-module-build' responsible for 'C:/msys32/home/BLE-DoorLock/workspace/HelloWorld/build/xtensa-debug-module/libxtensa-debug-module.a'
C:/msys32/home/BLE-DoorLock/workspace/HelloWorld/build/esp32\libesp32.a(cpu_start.o):(.literal.main_task+0xc): undefined reference to `app_main'
C:/msys32/home/BLE-DoorLock/workspace/HelloWorld/build/esp32\libesp32.a(cpu_start.o): In function `main_task':
C:/msys32/home/sideridis/esp/esp-idf/components/esp32/cpu_start.c:392: undefined reference to `app_main'
collect2.exe: error: ld returned 1 exit status
make: *** [C:/msys32/home/sideridis/esp/esp-idf/make/project.mk:360: /home/BLE-DoorLock/workspace/HelloWorld/build/hello-world.elf] Error 1
xtensa-esp32-elf-gcc -nostdlib -u call_user_start_cpu0  -Wl,--gc-sections -Wl,-static -Wl,--start-group  -LC:/msys32/home/BLE-DoorLock/workspace/HelloWorld/build/app_trace -lapp_trace -LC:/msys32/home/BLE-DoorLock/workspace/HelloWorld/build/app_update -lapp_update -LC:/msys32/home/BLE-DoorLock/workspace/HelloWorld/build/aws_iot  -LC:/msys32/home/BLE-DoorLock/workspace/HelloWorld/build/bootloader_support -lbootloader_support -LC:/msys32/home/BLE-DoorLock/workspace/HelloWorld/build/bt -lbt -LC:/msys32/home/BLE-DoorLock/workspace/HelloWorld/build/coap -lcoap -LC:/msys32/home/BLE-DoorLock/workspace/HelloWorld/build/console -lconsole -LC:/msys32/home/BLE-DoorLock/workspace/HelloWorld/build/cxx -lcxx -u __cxa_guard_dummy -LC:/msys32/home/BLE-DoorLock/workspace/HelloWorld/build/driver -ldriver -LC:/msys32/home/BLE-DoorLock/workspace/HelloWorld/build/esp32 -lesp32 C:/msys32/home/sideridis/esp/esp-idf/components/esp32/libhal.a -LC:/msys32/home/sideridis/esp/esp-idf/components/esp32/lib -lcore -lrtc -lnet80211 -lpp -lwpa -lsmartconfig -lcoexist -lwps -lwpa2 -lespnow -lphy -L C:/msys32/home/sideridis/esp/esp-idf/components/esp32/ld -T esp32_out.ld -u ld_include_panic_highint_hdl -T esp32.common.ld -T esp32.rom.ld -T esp32.peripherals.ld -T esp32.rom.spiram_incompatible_fns.ld -LC:/msys32/home/BLE-DoorLock/workspace/HelloWorld/build/esp_adc_cal -lesp_adc_cal -LC:/msys32/home/BLE-DoorLock/workspace/HelloWorld/build/ethernet -lethernet -LC:/msys32/home/BLE-DoorLock/workspace/HelloWorld/build/expat -lexpat -LC:/msys32/home/BLE-DoorLock/workspace/HelloWorld/build/fatfs -lfatfs -LC:/msys32/home/BLE-DoorLock/workspace/HelloWorld/build/freertos -lfreertos -Wl,--undefined=uxTopUsedPriority -LC:/msys32/home/BLE-DoorLock/workspace/HelloWorld/build/heap -lheap -LC:/msys32/home/BLE-DoorLock/workspace/HelloWorld/build/jsmn -ljsmn -LC:/msys32/home/BLE-DoorLock/workspace/HelloWorld/build/json -ljson -LC:/msys32/home/BLE-DoorLock/workspace/HelloWorld/build/libsodium -llibsodium -LC:/msys32/home/BLE-DoorLock/workspace/HelloWorld/build/log -llog -LC:/msys32/home/BLE-DoorLock/workspace/HelloWorld/build/lwip -llwip -LC:/msys32/home/BLE-DoorLock/workspace/HelloWorld/build/main -lmain -LC:/msys32/home/BLE-DoorLock/workspace/HelloWorld/build/mbedtls -lmbedtls -LC:/msys32/home/BLE-DoorLock/workspace/HelloWorld/build/mdns -lmdns -LC:/msys32/home/BLE-DoorLock/workspace/HelloWorld/build/micro-ecc -lmicro-ecc -LC:/msys32/home/BLE-DoorLock/workspace/HelloWorld/build/newlib C:/msys32/home/sideridis/esp/esp-idf/components/newlib/lib/libc.a C:/msys32/home/sideridis/esp/esp-idf/components/newlib/lib/libm.a -lnewlib -LC:/msys32/home/BLE-DoorLock/workspace/HelloWorld/build/nghttp -lnghttp -LC:/msys32/home/BLE-DoorLock/workspace/HelloWorld/build/nvs_flash -lnvs_flash -LC:/msys32/home/BLE-DoorLock/workspace/HelloWorld/build/openssl -lopenssl -LC:/msys32/home/BLE-DoorLock/workspace/HelloWorld/build/pthread -lpthread -LC:/msys32/home/BLE-DoorLock/workspace/HelloWorld/build/sdmmc -lsdmmc -LC:/msys32/home/BLE-DoorLock/workspace/HelloWorld/build/soc -lsoc -LC:/msys32/home/BLE-DoorLock/workspace/HelloWorld/build/spi_flash -lspi_flash -LC:/msys32/home/BLE-DoorLock/workspace/HelloWorld/build/spiffs -lspiffs -LC:/msys32/home/BLE-DoorLock/workspace/HelloWorld/build/tcpip_adapter -ltcpip_adapter -LC:/msys32/home/BLE-DoorLock/workspace/HelloWorld/build/ulp -lulp -LC:/msys32/home/BLE-DoorLock/workspace/HelloWorld/build/vfs -lvfs -LC:/msys32/home/BLE-DoorLock/workspace/HelloWorld/build/wear_levelling -lwear_levelling -LC:/msys32/home/BLE-DoorLock/workspace/HelloWorld/build/wpa_supplicant -lwpa_supplicant -LC:/msys32/home/BLE-DoorLock/workspace/HelloWorld/build/xtensa-debug-module -lxtensa-debug-module -lgcc -lstdc++ -lgcov -Wl,--end-group -Wl,-EL -o C:/msys32/home/BLE-DoorLock/workspace/HelloWorld/build/hello-world.elf -Wl,-Map=C:/msys32/home/BLE-DoorLock/workspace/HelloWorld/build/hello-world.map

12:59:38 Build Finished (took 9s.416ms)

