11:41:52 **** Build of configuration Default for project HelloWorld ****
python C:/msys32/home/sideridis/esp/esp-idf/tools/windows/eclipse_make.py flash -j8 
Running make in 'C:/msys32/home/BLE-DoorLock/workspace/HelloWorld'
including C:/msys32/home/sideridis/esp/esp-idf/components/bootloader/Makefile.projbuild...
including C:/msys32/home/sideridis/esp/esp-idf/components/bootloader_support/Makefile.projbuild...
including C:/msys32/home/sideridis/esp/esp-idf/components/coap/Makefile.projbuild...
including C:/msys32/home/sideridis/esp/esp-idf/components/esp32/Makefile.projbuild...
including C:/msys32/home/sideridis/esp/esp-idf/components/esptool_py/Makefile.projbuild...
including C:/msys32/home/sideridis/esp/esp-idf/components/mbedtls/Makefile.projbuild...
including C:/msys32/home/sideridis/esp/esp-idf/components/nghttp/Makefile.projbuild...
including C:/msys32/home/sideridis/esp/esp-idf/components/partition_table/Makefile.projbuild...
including C:/msys32/home/sideridis/esp/esp-idf/components/ulp/Makefile.projbuild...
PROJECT_PATH= COMPONENT_DIRS= make -C C:/msys32/home/sideridis/esp/esp-idf/components/bootloader/subproject V=1 BUILD_DIR_BASE=C:/msys32/home/BLE-DoorLock/workspace/HelloWorld/build/bootloader TEST_COMPONENTS= TESTS_ALL= C:/msys32/home/BLE-DoorLock/workspace/HelloWorld/build/bootloader/bootloader.bin
make -C C:/msys32/home/BLE-DoorLock/workspace/HelloWorld/build/app_trace -f C:/msys32/home/sideridis/esp/esp-idf/make/component_wrapper.mk COMPONENT_MAKEFILE=C:/msys32/home/sideridis/esp/esp-idf/components/app_trace/component.mk COMPONENT_NAME=app_trace build
make -C C:/msys32/home/BLE-DoorLock/workspace/HelloWorld/build/app_update -f C:/msys32/home/sideridis/esp/esp-idf/make/component_wrapper.mk COMPONENT_MAKEFILE=C:/msys32/home/sideridis/esp/esp-idf/components/app_update/component.mk COMPONENT_NAME=app_update build
make -C C:/msys32/home/BLE-DoorLock/workspace/HelloWorld/build/aws_iot -f C:/msys32/home/sideridis/esp/esp-idf/make/component_wrapper.mk COMPONENT_MAKEFILE=C:/msys32/home/sideridis/esp/esp-idf/components/aws_iot/component.mk COMPONENT_NAME=aws_iot build
make -C C:/msys32/home/BLE-DoorLock/workspace/HelloWorld/build/bootloader_support -f C:/msys32/home/sideridis/esp/esp-idf/make/component_wrapper.mk COMPONENT_MAKEFILE=C:/msys32/home/sideridis/esp/esp-idf/components/bootloader_support/component.mk COMPONENT_NAME=bootloader_support build
make -C C:/msys32/home/BLE-DoorLock/workspace/HelloWorld/build/bt -f C:/msys32/home/sideridis/esp/esp-idf/make/component_wrapper.mk COMPONENT_MAKEFILE=C:/msys32/home/sideridis/esp/esp-idf/components/bt/component.mk COMPONENT_NAME=bt build
make -C C:/msys32/home/BLE-DoorLock/workspace/HelloWorld/build/coap -f C:/msys32/home/sideridis/esp/esp-idf/make/component_wrapper.mk COMPONENT_MAKEFILE=C:/msys32/home/sideridis/esp/esp-idf/components/coap/component.mk COMPONENT_NAME=coap build
make[1]: Entering directory 'C:/msys32/home/BLE-DoorLock/workspace/HelloWorld/build/app_trace'
make[1]: Nothing to be done for 'build'.
make[1]: Leaving directory 'C:/msys32/home/BLE-DoorLock/workspace/HelloWorld/build/app_trace'
make[1]: Entering directory 'C:/msys32/home/BLE-DoorLock/workspace/HelloWorld/build/aws_iot'
make[1]: Nothing to be done for 'build'.
make[1]: Leaving directory 'C:/msys32/home/BLE-DoorLock/workspace/HelloWorld/build/aws_iot'
make -C C:/msys32/home/BLE-DoorLock/workspace/HelloWorld/build/console -f C:/msys32/home/sideridis/esp/esp-idf/make/component_wrapper.mk COMPONENT_MAKEFILE=C:/msys32/home/sideridis/esp/esp-idf/components/console/component.mk COMPONENT_NAME=console build
make[1]: Entering directory 'C:/msys32/home/BLE-DoorLock/workspace/HelloWorld/build/app_update'
make[1]: Nothing to be done for 'build'.
make[1]: Leaving directory 'C:/msys32/home/BLE-DoorLock/workspace/HelloWorld/build/app_update'
make -C C:/msys32/home/BLE-DoorLock/workspace/HelloWorld/build/cxx -f C:/msys32/home/sideridis/esp/esp-idf/make/component_wrapper.mk COMPONENT_MAKEFILE=C:/msys32/home/sideridis/esp/esp-idf/components/cxx/component.mk COMPONENT_NAME=cxx build
make -C C:/msys32/home/BLE-DoorLock/workspace/HelloWorld/build/driver -f C:/msys32/home/sideridis/esp/esp-idf/make/component_wrapper.mk COMPONENT_MAKEFILE=C:/msys32/home/sideridis/esp/esp-idf/components/driver/component.mk COMPONENT_NAME=driver build
make -C C:/msys32/home/BLE-DoorLock/workspace/HelloWorld/build/esp32 -f C:/msys32/home/sideridis/esp/esp-idf/make/component_wrapper.mk COMPONENT_MAKEFILE=C:/msys32/home/sideridis/esp/esp-idf/components/esp32/component.mk COMPONENT_NAME=esp32 build
make[1]: Entering directory 'C:/msys32/home/BLE-DoorLock/workspace/HelloWorld/build/bootloader_support'
make[1]: Nothing to be done for 'build'.
make[1]: Leaving directory 'C:/msys32/home/BLE-DoorLock/workspace/HelloWorld/build/bootloader_support'
make[1]: Entering directory 'C:/msys32/home/BLE-DoorLock/workspace/HelloWorld/build/bt'
make[1]: Nothing to be done for 'build'.
make[1]: Leaving directory 'C:/msys32/home/BLE-DoorLock/workspace/HelloWorld/build/bt'
make[1]: Entering directory 'C:/msys32/home/sideridis/esp/esp-idf/components/bootloader/subproject'
make -C C:/msys32/home/BLE-DoorLock/workspace/HelloWorld/build/esp_adc_cal -f C:/msys32/home/sideridis/esp/esp-idf/make/component_wrapper.mk COMPONENT_MAKEFILE=C:/msys32/home/sideridis/esp/esp-idf/components/esp_adc_cal/component.mk COMPONENT_NAME=esp_adc_cal build
make -C C:/msys32/home/BLE-DoorLock/workspace/HelloWorld/build/ethernet -f C:/msys32/home/sideridis/esp/esp-idf/make/component_wrapper.mk COMPONENT_MAKEFILE=C:/msys32/home/sideridis/esp/esp-idf/components/ethernet/component.mk COMPONENT_NAME=ethernet build
make[1]: Entering directory 'C:/msys32/home/BLE-DoorLock/workspace/HelloWorld/build/console'
make[1]: Nothing to be done for 'build'.
make[1]: Leaving directory 'C:/msys32/home/BLE-DoorLock/workspace/HelloWorld/build/console'
make[1]: Entering directory 'C:/msys32/home/BLE-DoorLock/workspace/HelloWorld/build/coap'
make[1]: Nothing to be done for 'build'.
make[1]: Leaving directory 'C:/msys32/home/BLE-DoorLock/workspace/HelloWorld/build/coap'
make[1]: Entering directory 'C:/msys32/home/BLE-DoorLock/workspace/HelloWorld/build/cxx'
make -C C:/msys32/home/BLE-DoorLock/workspace/HelloWorld/build/expat -f C:/msys32/home/sideridis/esp/esp-idf/make/component_wrapper.mk COMPONENT_MAKEFILE=C:/msys32/home/sideridis/esp/esp-idf/components/expat/component.mk COMPONENT_NAME=expat build
make[1]: Entering directory 'C:/msys32/home/BLE-DoorLock/workspace/HelloWorld/build/esp_adc_cal'
make[1]: Nothing to be done for 'build'.
make[1]: Leaving directory 'C:/msys32/home/BLE-DoorLock/workspace/HelloWorld/build/esp_adc_cal'
make[1]: Entering directory 'C:/msys32/home/BLE-DoorLock/workspace/HelloWorld/build/esp32'
make[1]: Nothing to be done for 'build'.
make[1]: Leaving directory 'C:/msys32/home/BLE-DoorLock/workspace/HelloWorld/build/esp32'
make[1]: Nothing to be done for 'build'.
make -C C:/msys32/home/BLE-DoorLock/workspace/HelloWorld/build/fatfs -f C:/msys32/home/sideridis/esp/esp-idf/make/component_wrapper.mk COMPONENT_MAKEFILE=C:/msys32/home/sideridis/esp/esp-idf/components/fatfs/component.mk COMPONENT_NAME=fatfs build
make[1]: Entering directory 'C:/msys32/home/BLE-DoorLock/workspace/HelloWorld/build/expat'
make[1]: Nothing to be done for 'build'.
make[1]: Leaving directory 'C:/msys32/home/BLE-DoorLock/workspace/HelloWorld/build/expat'
make[1]: Leaving directory 'C:/msys32/home/BLE-DoorLock/workspace/HelloWorld/build/cxx'
make[1]: Entering directory 'C:/msys32/home/BLE-DoorLock/workspace/HelloWorld/build/driver'
make[1]: Nothing to be done for 'build'.
make[1]: Leaving directory 'C:/msys32/home/BLE-DoorLock/workspace/HelloWorld/build/driver'
make[1]: Entering directory 'C:/msys32/home/BLE-DoorLock/workspace/HelloWorld/build/fatfs'
make[1]: Nothing to be done for 'build'.
make[1]: Leaving directory 'C:/msys32/home/BLE-DoorLock/workspace/HelloWorld/build/fatfs'
make[1]: Entering directory 'C:/msys32/home/BLE-DoorLock/workspace/HelloWorld/build/ethernet'
make[1]: Nothing to be done for 'build'.
make[1]: Leaving directory 'C:/msys32/home/BLE-DoorLock/workspace/HelloWorld/build/ethernet'
make -C C:/msys32/home/BLE-DoorLock/workspace/HelloWorld/build/freertos -f C:/msys32/home/sideridis/esp/esp-idf/make/component_wrapper.mk COMPONENT_MAKEFILE=C:/msys32/home/sideridis/esp/esp-idf/components/freertos/component.mk COMPONENT_NAME=freertos build
make -C C:/msys32/home/BLE-DoorLock/workspace/HelloWorld/build/heap -f C:/msys32/home/sideridis/esp/esp-idf/make/component_wrapper.mk COMPONENT_MAKEFILE=C:/msys32/home/sideridis/esp/esp-idf/components/heap/component.mk COMPONENT_NAME=heap build
make[1]: Entering directory 'C:/msys32/home/BLE-DoorLock/workspace/HelloWorld/build/freertos'
make[1]: Nothing to be done for 'build'.
make[1]: Leaving directory 'C:/msys32/home/BLE-DoorLock/workspace/HelloWorld/build/freertos'
make -C C:/msys32/home/BLE-DoorLock/workspace/HelloWorld/build/jsmn -f C:/msys32/home/sideridis/esp/esp-idf/make/component_wrapper.mk COMPONENT_MAKEFILE=C:/msys32/home/sideridis/esp/esp-idf/components/jsmn/component.mk COMPONENT_NAME=jsmn build
make[1]: Entering directory 'C:/msys32/home/BLE-DoorLock/workspace/HelloWorld/build/heap'
make[1]: Nothing to be done for 'build'.
make[1]: Leaving directory 'C:/msys32/home/BLE-DoorLock/workspace/HelloWorld/build/heap'
make -C C:/msys32/home/BLE-DoorLock/workspace/HelloWorld/build/json -f C:/msys32/home/sideridis/esp/esp-idf/make/component_wrapper.mk COMPONENT_MAKEFILE=C:/msys32/home/sideridis/esp/esp-idf/components/json/component.mk COMPONENT_NAME=json build
make -C C:/msys32/home/BLE-DoorLock/workspace/HelloWorld/build/libsodium -f C:/msys32/home/sideridis/esp/esp-idf/make/component_wrapper.mk COMPONENT_MAKEFILE=C:/msys32/home/sideridis/esp/esp-idf/components/libsodium/component.mk COMPONENT_NAME=libsodium build
make -C C:/msys32/home/BLE-DoorLock/workspace/HelloWorld/build/log -f C:/msys32/home/sideridis/esp/esp-idf/make/component_wrapper.mk COMPONENT_MAKEFILE=C:/msys32/home/sideridis/esp/esp-idf/components/log/component.mk COMPONENT_NAME=log build
make[1]: Entering directory 'C:/msys32/home/BLE-DoorLock/workspace/HelloWorld/build/jsmn'
make[1]: Nothing to be done for 'build'.
make[1]: Leaving directory 'C:/msys32/home/BLE-DoorLock/workspace/HelloWorld/build/jsmn'
make[1]: Entering directory 'C:/msys32/home/BLE-DoorLock/workspace/HelloWorld/build/log'
make[1]: Nothing to be done for 'build'.
make[1]: Leaving directory 'C:/msys32/home/BLE-DoorLock/workspace/HelloWorld/build/log'
make -C C:/msys32/home/BLE-DoorLock/workspace/HelloWorld/build/lwip -f C:/msys32/home/sideridis/esp/esp-idf/make/component_wrapper.mk COMPONENT_MAKEFILE=C:/msys32/home/sideridis/esp/esp-idf/components/lwip/component.mk COMPONENT_NAME=lwip build
make[1]: Entering directory 'C:/msys32/home/BLE-DoorLock/workspace/HelloWorld/build/json'
make[1]: Nothing to be done for 'build'.
make[1]: Leaving directory 'C:/msys32/home/BLE-DoorLock/workspace/HelloWorld/build/json'
make -C C:/msys32/home/BLE-DoorLock/workspace/HelloWorld/build/main -f C:/msys32/home/sideridis/esp/esp-idf/make/component_wrapper.mk COMPONENT_MAKEFILE=C:/msys32/home/BLE-DoorLock/workspace/HelloWorld/main/component.mk COMPONENT_NAME=main build
make[1]: Entering directory 'C:/msys32/home/BLE-DoorLock/workspace/HelloWorld/build/libsodium'
make[1]: Nothing to be done for 'build'.
make[1]: Leaving directory 'C:/msys32/home/BLE-DoorLock/workspace/HelloWorld/build/libsodium'
make -C C:/msys32/home/BLE-DoorLock/workspace/HelloWorld/build/mbedtls -f C:/msys32/home/sideridis/esp/esp-idf/make/component_wrapper.mk COMPONENT_MAKEFILE=C:/msys32/home/sideridis/esp/esp-idf/components/mbedtls/component.mk COMPONENT_NAME=mbedtls build
make[1]: Entering directory 'C:/msys32/home/BLE-DoorLock/workspace/HelloWorld/build/main'
make[1]: Entering directory 'C:/msys32/home/BLE-DoorLock/workspace/HelloWorld/build/lwip'
make[1]: Nothing to be done for 'build'.
make[1]: Leaving directory 'C:/msys32/home/BLE-DoorLock/workspace/HelloWorld/build/lwip'
make -C C:/msys32/home/BLE-DoorLock/workspace/HelloWorld/build/mdns -f C:/msys32/home/sideridis/esp/esp-idf/make/component_wrapper.mk COMPONENT_MAKEFILE=C:/msys32/home/sideridis/esp/esp-idf/components/mdns/component.mk COMPONENT_NAME=mdns build
make -C C:/msys32/home/BLE-DoorLock/workspace/HelloWorld/build/micro-ecc -f C:/msys32/home/sideridis/esp/esp-idf/make/component_wrapper.mk COMPONENT_MAKEFILE=C:/msys32/home/sideridis/esp/esp-idf/components/micro-ecc/component.mk COMPONENT_NAME=micro-ecc build
make -C C:/msys32/home/BLE-DoorLock/workspace/HelloWorld/build/newlib -f C:/msys32/home/sideridis/esp/esp-idf/make/component_wrapper.mk COMPONENT_MAKEFILE=C:/msys32/home/sideridis/esp/esp-idf/components/newlib/component.mk COMPONENT_NAME=newlib build
make -C C:/msys32/home/BLE-DoorLock/workspace/HelloWorld/build/nghttp -f C:/msys32/home/sideridis/esp/esp-idf/make/component_wrapper.mk COMPONENT_MAKEFILE=C:/msys32/home/sideridis/esp/esp-idf/components/nghttp/component.mk COMPONENT_NAME=nghttp build
xtensa-esp32-elf-gcc -std=gnu99 -Og -ggdb -ffunction-sections -fdata-sections -fstrict-volatile-bitfields -mlongcalls -nostdlib -Wall -Werror=all -Wno-error=unused-function -Wno-error=unused-but-set-variable -Wno-error=unused-variable -Wno-error=deprecated-declarations -Wextra -Wno-unused-parameter -Wno-sign-compare -Wno-old-style-declaration -DWITH_POSIX -DMBEDTLS_CONFIG_FILE='"mbedtls/esp_config.h"' -DHAVE_CONFIG_H -DESP_PLATFORM -D IDF_VER=\"v3.0-dev-774-ga3a4a205\" -MMD -MP   -I /home/BLE-DoorLock/workspace/HelloWorld/main/include -I C:/msys32/home/sideridis/esp/esp-idf/components/app_trace/include -I C:/msys32/home/sideridis/esp/esp-idf/components/app_update/include -I C:/msys32/home/sideridis/esp/esp-idf/components/bootloader_support/include -I C:/msys32/home/sideridis/esp/esp-idf/components/bt/include -I C:/msys32/home/sideridis/esp/esp-idf/components/coap/port/include -I C:/msys32/home/sideridis/esp/esp-idf/components/coap/port/include/coap -I C:/msys32/home/sideridis/esp/esp-idf/components/coap/libcoap/include -I /home/sideridis/esp/esp-idf/components/coap/libcomake[1]: Entering directory 'C:/msys32/home/BLE-DoorLock/workspace/HelloWorld/build/mdns'
ap/include/coap -I C:/msys32/home/sideridis/esp/esp-idf/components/console/ -I /home/sideridis/esp/esp-idf/components/cxx/include -I C:/msys32/home/sideridis/esp/esp-idf/components/driver/include -I C:/msys32/home/sideridis/esp/esp-idf/components/esp32/include -I C:/msys32/home/sideridis/esp/esp-idf/components/esp_adc_cal/include -I C:/msys32/home/sideridis/esp/esp-idf/components/ethernet/include -I C:/msys32/home/sideridis/esp/esp-idf/components/expat/port/include -I C:/msys32/home/sideridis/esp/esp-idf/components/expat/include/expat -I C:/msys32/home/sideridis/esp/esp-idf/components/fatfs/src -I C:/msys32/home/sideridis/esp/esp-idf/components/freertos/include -I C:/msys32/home/sideridis/esp/esp-idf/components/heap/include -I C:/msys32/home/sideridis/esp/esp-idf/components/jsmn/include/ -I C:/msys32/home/sideridis/esp/esp-idf/components/json/include -I C:/msys32/home/sideridis/esp/esp-idf/components/json/port/include -I C:/msys32/home/sideridis/esp/esp-idf/components/libsodium/port_include -I C:/msys32/home/sideridis/esp/esp-idf/components/libsodium/libsodium/src/libsodium/include -I C:/msys32/home/sideridis/esp/esp-idf/components/log/include -I /hmake[1]: Entering directory 'C:/msys32/home/BLE-DoorLock/workspace/HelloWorld/build/newlib'
make -C C:/msys32/home/BLE-DoorLock/workspace/HelloWorld/build/nvs_flash -f C:/msys32/home/sideridis/esp/esp-idf/make/component_wrapper.mk COMPONENT_MAKEFILE=C:/msys32/home/sideridis/esp/esp-idf/components/nvs_flash/component.mk COMPONENT_NAME=nvs_flash build
make[1]: Entering directory 'C:/msys32/home/BLE-DoorLock/workspace/HelloWorld/build/mbedtls'
including /home/sideridis/esp/esp-idf/components/esptool_py/Makefile.projbuild...make[1]: Entering directory 'C:/msys32/home/BLE-DoorLock/workspace/HelloWorld/build/nghttp'

make[1]: Entering directory 'C:/msys32/home/BLE-DoorLock/workspace/HelloWorld/build/micro-ecc'
make[1]: Nothing to be done for 'build'.
make[1]: Nothing to be done for 'build'.
make[1]: Entering directory 'C:/msys32/home/BLE-DoorLock/workspace/HelloWorld/build/nvs_flash'
make[1]: Nothing to be done for 'build'.
make[1]: Nothing to be done for 'build'.
make[1]: Leaving directory 'C:/msys32/home/BLE-DoorLock/workspace/HelloWorld/build/nghttp'
make[1]: Leaving directory 'C:/msys32/home/BLE-DoorLock/workspace/HelloWorld/build/newlib'
make[1]: Nothing to be done for 'build'.
make[1]: Nothing to be done for 'build'.
including C:/msys32/home/sideridis/esp/esp-idf/components/bootloader_support/Makefile.projbuild...
make[1]: Leaving directory 'C:/msys32/home/BLE-DoorLock/workspace/HelloWorld/build/nvs_flash'
make[1]: Leaving directory 'C:/msys32/home/BLE-DoorLock/workspace/HelloWorld/build/mbedtls'
make[1]: Leaving directory 'C:/msys32/home/BLE-DoorLock/workspace/HelloWorld/build/mdns'
make[1]: Leaving directory 'C:/msys32/home/BLE-DoorLock/workspace/HelloWorld/build/micro-ecc'
ome/sideridis/esp/esp-idf/components/lwip/include/lwip -I C:/msys32/home/sideridis/esp/esp-idf/components/lwip/include/lwip/port -I C:/msys32/home/sideridis/esp/esp-idf/components/lwip/include/lwip/posix -I C:/msys32/home/sideridis/esp/esp-idf/components/lwip/apps/ping -I C:/msys32/home/sideridis/esp/esp-idf/components/mbedtls/port/include -I C:/msys32/home/sideridis/esp/esp-idf/components/mbedtls/include -I C:/msys32/home/sideridis/esp/esp-idf/components/mdns/include -I C:/msys32/home/sideridis/esp/esp-idf/components/micro-ecc/micro-ecc -I C:/msys32/home/sideridis/esp/esp-idf/components/newlib/platform_include -I C:/msys32/home/sideridis/esp/esp-idf/components/newlib/include -I C:/msys32/home/sideridis/esp/esp-idf/components/nghttp/port/include -I C:/msys32/home/sideridis/esp/esp-idf/components/nghttp/nghttp2/lib/includes -I C:/msys32/home/sideridis/esp/esp-idf/components/nvs_flash/include -I C:/msys32/home/sideridis/esp/esp-idf/components/openssl/include -I /home/sideridis/esp/esp-idf/components/pthread/include -I C:/msys32/home/sideridis/esp/esp-idf/components/sdmmc/include -I /home/sideridis/esp/esp-idf/components/soc/esp32/inclincluding /home/sideridis/esp/esp-idf/components/bootloader/subproject/main/Makefile.projbuild...make -C C:/msys32/home/BLE-DoorLock/workspace/HelloWorld/build/openssl -f C:/msys32/home/sideridis/esp/esp-idf/make/component_wrapper.mk COMPONENT_MAKEFILE=C:/msys32/home/sideridis/esp/esp-idf/components/openssl/component.mk COMPONENT_NAME=openssl build
ude -I C:/msys32/home/sideridis/esp/esp-idf/components/soc/include -I C:/msys32/home/sideridis/esp/esp-idf/components/spi_flash/include -I C:/msys32/home/sideridis/esp/esp-idf/components/spiffs/include -I C:/msys32/home/sideridis/esp/esp-idf/components/tcpip_adapter/include -I C:/msys32/home/sideridis/esp/esp-idf/components/ulp/include -I C:/msys32/home/sideridis/esp/esp-idf/components/vfs/include -I C:/msys32/home/sideridis/esp/esp-idf/components/wear_levelling/include -I C:/msys32/home/sideridis/esp/esp-idf/components/wpa_supplicant/include -I C:/msys32/home/sideridis/esp/esp-idf/components/wpa_supplicant/port/include -I C:/msys32/home/sideridis/esp/esp-idf/components/esp32/include -I C:/msys32/home/sideridis/esp/esp-idf/components/xtensa-debug-module/include -I C:/msys32/home/BLE-DoorLock/workspace/HelloWorld/build/include  -I. -c C:/msys32/home/BLE-DoorLock/workspace/HelloWorld/main/main.c -o main.o

make -C C:/msys32/home/BLE-DoorLock/workspace/HelloWorld/build/pthread -f C:/msys32/home/sideridis/esp/esp-idf/make/component_wrapper.mk COMPONENT_MAKEFILE=C:/msys32/home/sideridis/esp/esp-idf/components/pthread/component.mk COMPONENT_NAME=pthread build
make[1]: Entering directory 'C:/msys32/home/BLE-DoorLock/workspace/HelloWorld/build/openssl'
make[1]: Nothing to be done for 'build'.
make[1]: Leaving directory 'C:/msys32/home/BLE-DoorLock/workspace/HelloWorld/build/openssl'
make -C C:/msys32/home/BLE-DoorLock/workspace/HelloWorld/build/sdmmc -f C:/msys32/home/sideridis/esp/esp-idf/make/component_wrapper.mk COMPONENT_MAKEFILE=C:/msys32/home/sideridis/esp/esp-idf/components/sdmmc/component.mk COMPONENT_NAME=sdmmc build
make -C C:/msys32/home/BLE-DoorLock/workspace/HelloWorld/build/bootloader/bootloader_support -f C:/msys32/home/sideridis/esp/esp-idf/make/component_wrapper.mk COMPONENT_MAKEFILE=C:/msys32/home/sideridis/esp/esp-idf/components/bootloader_support/component.mk COMPONENT_NAME=bootloader_support build
make[1]: Entering directory 'C:/msys32/home/BLE-DoorLock/workspace/HelloWorld/build/pthread'
make[1]: Nothing to be done for 'build'.
make[1]: Leaving directory 'C:/msys32/home/BLE-DoorLock/workspace/HelloWorld/build/pthread'
make -C C:/msys32/home/BLE-DoorLock/workspace/HelloWorld/build/soc -f C:/msys32/home/sideridis/esp/esp-idf/make/component_wrapper.mk COMPONENT_MAKEFILE=C:/msys32/home/sideridis/esp/esp-idf/components/soc/component.mk COMPONENT_NAME=soc build
make[1]: Entering directory 'C:/msys32/home/BLE-DoorLock/workspace/HelloWorld/build/sdmmc'
make[1]: Nothing to be done for 'build'.
make[1]: Leaving directory 'C:/msys32/home/BLE-DoorLock/workspace/HelloWorld/build/sdmmc'
make -C C:/msys32/home/BLE-DoorLock/workspace/HelloWorld/build/spi_flash -f C:/msys32/home/sideridis/esp/esp-idf/make/component_wrapper.mk COMPONENT_MAKEFILE=C:/msys32/home/sideridis/esp/esp-idf/components/spi_flash/component.mk COMPONENT_NAME=spi_flash build
make -C C:/msys32/home/BLE-DoorLock/workspace/HelloWorld/build/bootloader/log -f C:/msys32/home/sideridis/esp/esp-idf/make/component_wrapper.mk COMPONENT_MAKEFILE=C:/msys32/home/sideridis/esp/esp-idf/components/log/component.mk COMPONENT_NAME=log build
make -C C:/msys32/home/BLE-DoorLock/workspace/HelloWorld/build/spiffs -f C:/msys32/home/sideridis/esp/esp-idf/make/component_wrapper.mk COMPONENT_MAKEFILE=C:/msys32/home/sideridis/esp/esp-idf/components/spiffs/component.mk COMPONENT_NAME=spiffs build
make -C C:/msys32/home/BLE-DoorLock/workspace/HelloWorld/build/tcpip_adapter -f C:/msys32/home/sideridis/esp/esp-idf/make/component_wrapper.mk COMPONENT_MAKEFILE=C:/msys32/home/sideridis/esp/esp-idf/components/tcpip_adapter/component.mk COMPONENT_NAME=tcpip_adapter build
make -C C:/msys32/home/BLE-DoorLock/workspace/HelloWorld/build/bootloader/spi_flash -f C:/msys32/home/sideridis/esp/esp-idf/make/component_wrapper.mk COMPONENT_MAKEFILE=C:/msys32/home/sideridis/esp/esp-idf/components/spi_flash/component.mk COMPONENT_NAME=spi_flash build
make[2]: Entering directory 'C:/msys32/home/BLE-DoorLock/workspace/HelloWorld/build/bootloader/bootloader_support'
make[2]: Nothing to be done for 'build'.
make[2]: Leaving directory 'C:/msys32/home/BLE-DoorLock/workspace/HelloWorld/build/bootloader/bootloader_support'
make -C C:/msys32/home/BLE-DoorLock/workspace/HelloWorld/build/bootloader/micro-ecc -f C:/msys32/home/sideridis/esp/esp-idf/make/component_wrapper.mk COMPONENT_MAKEFILE=C:/msys32/home/sideridis/esp/esp-idf/components/micro-ecc/component.mk COMPONENT_NAME=micro-ecc build
make[1]: Entering directory 'C:/msys32/home/BLE-DoorLock/workspace/HelloWorld/build/soc'
echo "C:/msys32/home/BLE-DoorLock/workspace/HelloWorld/main/main.c" >> main.d
make[1]: Nothing to be done for 'build'.
make[2]: Entering directory 'C:/msys32/home/BLE-DoorLock/workspace/HelloWorld/build/bootloader/log'
make[1]: Leaving directory 'C:/msys32/home/BLE-DoorLock/workspace/HelloWorld/build/soc'
make[2]: Nothing to be done for 'build'.
make[2]: Leaving directory 'C:/msys32/home/BLE-DoorLock/workspace/HelloWorld/build/bootloader/log'
make[1]: Entering directory 'C:/msys32/home/BLE-DoorLock/workspace/HelloWorld/build/spiffs'
make[1]: Nothing to be done for 'build'.
make[1]: Leaving directory 'C:/msys32/home/BLE-DoorLock/workspace/HelloWorld/build/spiffs'
make[2]: Entering directory 'C:/msys32/home/BLE-DoorLock/workspace/HelloWorld/build/bootloader/spi_flash'
make[2]: Nothing to be done for 'build'.
make[2]: Leaving directory 'C:/msys32/home/BLE-DoorLock/workspace/HelloWorld/build/bootloader/spi_flash'
make[1]: Entering directory 'C:/msys32/home/BLE-DoorLock/workspace/HelloWorld/build/spi_flash'
make[1]: Nothing to be done for 'build'.
make[1]: Entering directory 'C:/msys32/home/BLE-DoorLock/workspace/HelloWorld/build/tcpip_adapter'
make -C C:/msys32/home/BLE-DoorLock/workspace/HelloWorld/build/bootloader/soc -f C:/msys32/home/sideridis/esp/esp-idf/make/component_wrapper.mk COMPONENT_MAKEFILE=C:/msys32/home/sideridis/esp/esp-idf/components/soc/component.mk COMPONENT_NAME=soc build
make -C C:/msys32/home/BLE-DoorLock/workspace/HelloWorld/build/ulp -f C:/msys32/home/sideridis/esp/esp-idf/make/component_wrapper.mk COMPONENT_MAKEFILE=C:/msys32/home/sideridis/esp/esp-idf/components/ulp/component.mk COMPONENT_NAME=ulp build
rm -f libmain.a
make[2]: Entering directory 'C:/msys32/home/BLE-DoorLock/workspace/HelloWorld/build/bootloader/micro-ecc'
make[2]: Nothing to be done for 'build'.
make[1]: Nothing to be done for 'build'.
make -C C:/msys32/home/BLE-DoorLock/workspace/HelloWorld/build/bootloader/main -f C:/msys32/home/sideridis/esp/esp-idf/make/component_wrapper.mk COMPONENT_MAKEFILE=C:/msys32/home/sideridis/esp/esp-idf/components/bootloader/subproject/main/component.mk COMPONENT_NAME=main build
make[2]: Entering directory 'C:/msys32/home/BLE-DoorLock/workspace/HelloWorld/build/bootloader/soc'
make[2]: Nothing to be done for 'build'.
make[2]: Leaving directory 'C:/msys32/home/BLE-DoorLock/workspace/HelloWorld/build/bootloader/soc'
make[1]: Leaving directory 'C:/msys32/home/BLE-DoorLock/workspace/HelloWorld/build/spi_flash'
make -C C:/msys32/home/BLE-DoorLock/workspace/HelloWorld/build/vfs -f C:/msys32/home/sideridis/esp/esp-idf/make/component_wrapper.mk COMPONENT_MAKEFILE=C:/msys32/home/sideridis/esp/esp-idf/components/vfs/component.mk COMPONENT_NAME=vfs build
make[1]: Leaving directory 'C:/msys32/home/BLE-DoorLock/workspace/HelloWorld/build/tcpip_adapter'
make[2]: Leaving directory 'C:/msys32/home/BLE-DoorLock/workspace/HelloWorld/build/bootloader/micro-ecc'
make[1]: Entering directory 'C:/msys32/home/BLE-DoorLock/workspace/HelloWorld/build/ulp'
make[1]: Nothing to be done for 'build'.
make[1]: Leaving directory 'C:/msys32/home/BLE-DoorLock/workspace/HelloWorld/build/ulp'
make -C C:/msys32/home/BLE-DoorLock/workspace/HelloWorld/build/wear_levelling -f C:/msys32/home/sideridis/esp/esp-idf/make/component_wrapper.mk COMPONENT_MAKEFILE=C:/msys32/home/sideridis/esp/esp-idf/components/wear_levelling/component.mk COMPONENT_NAME=wear_levelling build
Target 'component-bootloader_support-build' responsible for 'C:/msys32/home/BLE-DoorLock/workspace/HelloWorld/build/bootloader/bootloader_support/libbootloader_support.a'
Target 'component-log-build' responsible for 'C:/msys32/home/BLE-DoorLock/workspace/HelloWorld/build/bootloader/log/liblog.a'
make[1]: Entering directory 'C:/msys32/home/BLE-DoorLock/workspace/HelloWorld/build/vfs'
xtensa-esp32-elf-ar cru libmain.a gattc_demo.o hello_world_main.o main.o uart.o gatts_demo.o
make[2]: Entering directory 'C:/msys32/home/BLE-DoorLock/workspace/HelloWorld/build/bootloader/main'
make[2]: Nothing to be done for 'build'.
make -C C:/msys32/home/BLE-DoorLock/workspace/HelloWorld/build/wpa_supplicant -f C:/msys32/home/sideridis/esp/esp-idf/make/component_wrapper.mk COMPONENT_MAKEFILE=C:/msys32/home/sideridis/esp/esp-idf/components/wpa_supplicant/component.mk COMPONENT_NAME=wpa_supplicant build
Target 'component-micro-ecc-build' responsible for 'C:/msys32/home/BLE-DoorLock/workspace/HelloWorld/build/bootloader/micro-ecc/libmicro-ecc.a'
make[1]: Entering directory 'C:/msys32/home/BLE-DoorLock/workspace/HelloWorld/build/wear_levelling'
make[1]: Nothing to be done for 'build'.
make[1]: Leaving directory 'C:/msys32/home/BLE-DoorLock/workspace/HelloWorld/build/vfs'
make[2]: Leaving directory 'C:/msys32/home/BLE-DoorLock/workspace/HelloWorld/build/bootloader/main'
Target 'component-spi_flash-build' responsible for 'C:/msys32/home/BLE-DoorLock/workspace/HelloWorld/build/bootloader/spi_flash/libspi_flash.a'
make -C C:/msys32/home/BLE-DoorLock/workspace/HelloWorld/build/xtensa-debug-module -f C:/msys32/home/sideridis/esp/esp-idf/make/component_wrapper.mk COMPONENT_MAKEFILE=C:/msys32/home/sideridis/esp/esp-idf/components/xtensa-debug-module/component.mk COMPONENT_NAME=xtensa-debug-module build
make[1]: Nothing to be done for 'build'.
make[1]: Leaving directory 'C:/msys32/home/BLE-DoorLock/workspace/HelloWorld/build/wear_levelling'
Target 'component-soc-build' responsible for 'C:/msys32/home/BLE-DoorLock/workspace/HelloWorld/build/bootloader/soc/libsoc.a'
make[1]: Entering directory 'C:/msys32/home/BLE-DoorLock/workspace/HelloWorld/build/wpa_supplicant'
make[1]: Nothing to be done for 'build'.
make[1]: Leaving directory 'C:/msys32/home/BLE-DoorLock/workspace/HelloWorld/build/wpa_supplicant'
make[1]: Leaving directory 'C:/msys32/home/BLE-DoorLock/workspace/HelloWorld/build/main'
Target 'component-app_trace-build' responsible for 'C:/msys32/home/BLE-DoorLock/workspace/HelloWorld/build/app_trace/libapp_trace.a'
Target 'component-main-build' responsible for 'C:/msys32/home/BLE-DoorLock/workspace/HelloWorld/build/bootloader/main/libmain.a'
make[1]: Leaving directory 'C:/msys32/home/sideridis/esp/esp-idf/components/bootloader/subproject'
make[1]: Entering directory 'C:/msys32/home/BLE-DoorLock/workspace/HelloWorld/build/xtensa-debug-module'
make[1]: Nothing to be done for 'build'.
make[1]: Leaving directory 'C:/msys32/home/BLE-DoorLock/workspace/HelloWorld/build/xtensa-debug-module'
Target 'component-aws_iot-build' responsible for 'C:/msys32/home/BLE-DoorLock/workspace/HelloWorld/build/aws_iot/libaws_iot.a'
Target 'component-app_update-build' responsible for 'C:/msys32/home/BLE-DoorLock/workspace/HelloWorld/build/app_update/libapp_update.a'
Target 'component-bt-build' responsible for 'C:/msys32/home/BLE-DoorLock/workspace/HelloWorld/build/bt/libbt.a'
Target 'component-console-build' responsible for 'C:/msys32/home/BLE-DoorLock/workspace/HelloWorld/build/console/libconsole.a'
Target 'component-bootloader_support-build' responsible for 'C:/msys32/home/BLE-DoorLock/workspace/HelloWorld/build/bootloader_support/libbootloader_support.a'
Target 'component-coap-build' responsible for 'C:/msys32/home/BLE-DoorLock/workspace/HelloWorld/build/coap/libcoap.a'
Target 'component-cxx-build' responsible for 'C:/msys32/home/BLE-DoorLock/workspace/HelloWorld/build/cxx/libcxx.a'
Target 'component-driver-build' responsible for 'C:/msys32/home/BLE-DoorLock/workspace/HelloWorld/build/driver/libdriver.a'
Target 'component-esp32-build' responsible for 'C:/msys32/home/BLE-DoorLock/workspace/HelloWorld/build/esp32/libesp32.a'
Target 'component-esp_adc_cal-build' responsible for 'C:/msys32/home/BLE-DoorLock/workspace/HelloWorld/build/esp_adc_cal/libesp_adc_cal.a'
Target 'component-ethernet-build' responsible for 'C:/msys32/home/BLE-DoorLock/workspace/HelloWorld/build/ethernet/libethernet.a'
Target 'component-expat-build' responsible for 'C:/msys32/home/BLE-DoorLock/workspace/HelloWorld/build/expat/libexpat.a'
Target 'component-fatfs-build' responsible for 'C:/msys32/home/BLE-DoorLock/workspace/HelloWorld/build/fatfs/libfatfs.a'
Target 'component-freertos-build' responsible for 'C:/msys32/home/BLE-DoorLock/workspace/HelloWorld/build/freertos/libfreertos.a'
Target 'component-heap-build' responsible for 'C:/msys32/home/BLE-DoorLock/workspace/HelloWorld/build/heap/libheap.a'
Target 'component-jsmn-build' responsible for 'C:/msys32/home/BLE-DoorLock/workspace/HelloWorld/build/jsmn/libjsmn.a'
Target 'component-libsodium-build' responsible for 'C:/msys32/home/BLE-DoorLock/workspace/HelloWorld/build/libsodium/liblibsodium.a'
Target 'component-json-build' responsible for 'C:/msys32/home/BLE-DoorLock/workspace/HelloWorld/build/json/libjson.a'
Target 'component-log-build' responsible for 'C:/msys32/home/BLE-DoorLock/workspace/HelloWorld/build/log/liblog.a'
Target 'component-lwip-build' responsible for 'C:/msys32/home/BLE-DoorLock/workspace/HelloWorld/build/lwip/liblwip.a'
Target 'component-main-build' responsible for 'C:/msys32/home/BLE-DoorLock/workspace/HelloWorld/build/main/libmain.a'
Target 'component-mbedtls-build' responsible for 'C:/msys32/home/BLE-DoorLock/workspace/HelloWorld/build/mbedtls/libmbedtls.a'
Target 'component-mdns-build' responsible for 'C:/msys32/home/BLE-DoorLock/workspace/HelloWorld/build/mdns/libmdns.a'
Target 'component-micro-ecc-build' responsible for 'C:/msys32/home/BLE-DoorLock/workspace/HelloWorld/build/micro-ecc/libmicro-ecc.a'
Target 'component-newlib-build' responsible for 'C:/msys32/home/BLE-DoorLock/workspace/HelloWorld/build/newlib/libnewlib.a'
Target 'component-nghttp-build' responsible for 'C:/msys32/home/BLE-DoorLock/workspace/HelloWorld/build/nghttp/libnghttp.a'
Target 'component-nvs_flash-build' responsible for 'C:/msys32/home/BLE-DoorLock/workspace/HelloWorld/build/nvs_flash/libnvs_flash.a'
Target 'component-openssl-build' responsible for 'C:/msys32/home/BLE-DoorLock/workspace/HelloWorld/build/openssl/libopenssl.a'
Target 'component-pthread-build' responsible for 'C:/msys32/home/BLE-DoorLock/workspace/HelloWorld/build/pthread/libpthread.a'
Target 'component-sdmmc-build' responsible for 'C:/msys32/home/BLE-DoorLock/workspace/HelloWorld/build/sdmmc/libsdmmc.a'
Target 'component-soc-build' responsible for 'C:/msys32/home/BLE-DoorLock/workspace/HelloWorld/build/soc/libsoc.a'
Target 'component-spi_flash-build' responsible for 'C:/msys32/home/BLE-DoorLock/workspace/HelloWorld/build/spi_flash/libspi_flash.a'
Target 'component-spiffs-build' responsible for 'C:/msys32/home/BLE-DoorLock/workspace/HelloWorld/build/spiffs/libspiffs.a'
Target 'component-tcpip_adapter-build' responsible for 'C:/msys32/home/BLE-DoorLock/workspace/HelloWorld/build/tcpip_adapter/libtcpip_adapter.a'
Target 'component-ulp-build' responsible for 'C:/msys32/home/BLE-DoorLock/workspace/HelloWorld/build/ulp/libulp.a'
Target 'component-vfs-build' responsible for 'C:/msys32/home/BLE-DoorLock/workspace/HelloWorld/build/vfs/libvfs.a'
Target 'component-wear_levelling-build' responsible for 'C:/msys32/home/BLE-DoorLock/workspace/HelloWorld/build/wear_levelling/libwear_levelling.a'
Target 'component-wpa_supplicant-build' responsible for 'C:/msys32/home/BLE-DoorLock/workspace/HelloWorld/build/wpa_supplicant/libwpa_supplicant.a'
Target 'component-xtensa-debug-module-build' responsible for 'C:/msys32/home/BLE-DoorLock/workspace/HelloWorld/build/xtensa-debug-module/libxtensa-debug-module.a'
xtensa-esp32-elf-gcc -nostdlib -u call_user_start_cpu0  -Wl,--gc-sections -Wl,-static -Wl,--start-group  -LC:/msys32/home/BLE-DoorLock/workspace/HelloWorld/build/app_trace -lapp_trace -LC:/msys32/home/BLE-DoorLock/workspace/HelloWorld/build/app_update -lapp_update -LC:/msys32/home/BLE-DoorLock/workspace/HelloWorld/build/aws_iot  -LC:/msys32/home/BLE-DoorLock/workspace/HelloWorld/build/bootloader_support -lbootloader_support -LC:/msys32/home/BLE-DoorLock/workspace/HelloWorld/build/bt -lbt -LC:/msys32/home/BLE-DoorLock/workspace/HelloWorld/build/coap -lcoap -LC:/msys32/home/BLE-DoorLock/workspace/HelloWorld/build/console -lconsole -LC:/msys32/home/BLE-DoorLock/workspace/HelloWorld/build/cxx -lcxx -u __cxa_guard_dummy -LC:/msys32/home/BLE-DoorLock/workspace/HelloWorld/build/driver -ldriver -LC:/msys32/home/BLE-DoorLock/workspace/HelloWorld/build/esp32 -lesp32 C:/msys32/home/sideridis/esp/esp-idf/components/esp32/libhal.a -LC:/msys32/home/sideridis/esp/esp-idf/components/esp32/lib -lcore -lrtc -lnet80211 -lpp -lwpa -lsmartconfig -lcoexist -lwps -lwpa2 -lespnow -lphy -L C:/msys32/home/sideridis/esp/esp-idf/components/esp32/ld -T esp32_out.ld -u ld_include_panic_highint_hdl -T esp32.common.ld -T esp32.rom.ld -T esp32.peripherals.ld -T esp32.rom.spiram_incompatible_fns.ld -LC:/msys32/home/BLE-DoorLock/workspace/HelloWorld/build/esp_adc_cal -lesp_adc_cal -LC:/msys32/home/BLE-DoorLock/workspace/HelloWorld/build/ethernet -lethernet -LC:/msys32/home/BLE-DoorLock/workspace/HelloWorld/build/expat -lexpat -LC:/msys32/home/BLE-DoorLock/workspace/HelloWorld/build/fatfs -lfatfs -LC:/msys32/home/BLE-DoorLock/workspace/HelloWorld/build/freertos -lfreertos -Wl,--undefined=uxTopUsedPriority -LC:/msys32/home/BLE-DoorLock/workspace/HelloWorld/build/heap -lheap -LC:/msys32/home/BLE-DoorLock/workspace/HelloWorld/build/jsmn -ljsmn -LC:/msys32/home/BLE-DoorLock/workspace/HelloWorld/build/json -ljson -LC:/msys32/home/BLE-DoorLock/workspace/HelloWorld/build/libsodium -llibsodium -LC:/msys32/home/BLE-DoorLock/workspace/HelloWorld/build/log -llog -LC:/msys32/home/BLE-DoorLock/workspace/HelloWorld/build/lwip -llwip -LC:/msys32/home/BLE-DoorLock/workspace/HelloWorld/build/main -lmain -LC:/msys32/home/BLE-DoorLock/workspace/HelloWorld/build/mbedtls -lmbedtls -LC:/msys32/home/BLE-DoorLock/workspace/HelloWorld/build/mdns -lmdns -LC:/msys32/home/BLE-DoorLock/workspace/HelloWorld/build/micro-ecc -lmicro-ecc -LC:/msys32/home/BLE-DoorLock/workspace/HelloWorld/build/newlib C:/msys32/home/sideridis/esp/esp-idf/components/newlib/lib/libc.a C:/msys32/home/sideridis/esp/esp-idf/components/newlib/lib/libm.a -lnewlib -LC:/msys32/home/BLE-DoorLock/workspace/HelloWorld/build/nghttp -lnghttp -LC:/msys32/home/BLE-DoorLock/workspace/HelloWorld/build/nvs_flash -lnvs_flash -LC:/msys32/home/BLE-DoorLock/workspace/HelloWorld/build/openssl -lopenssl -LC:/msys32/home/BLE-DoorLock/workspace/HelloWorld/build/pthread -lpthread -LC:/msys32/home/BLE-DoorLock/workspace/HelloWorld/build/sdmmc -lsdmmc -LC:/msys32/home/BLE-DoorLock/workspace/HelloWorld/build/soc -lsoc -LC:/msys32/home/BLE-DoorLock/workspace/HelloWorld/build/spi_flash -lspi_flash -LC:/msys32/home/BLE-DoorLock/workspace/HelloWorld/build/spiffs -lspiffs -LC:/msys32/home/BLE-DoorLock/workspace/HelloWorld/build/tcpip_adapter -ltcpip_adapter -LC:/msys32/home/BLE-DoorLock/workspace/HelloWorld/build/ulp -lulp -LC:/msys32/home/BLE-DoorLock/workspace/HelloWorld/build/vfs -lvfs -LC:/msys32/home/BLE-DoorLock/workspace/HelloWorld/build/wear_levelling -lwear_levelling -LC:/msys32/home/BLE-DoorLock/workspace/HelloWorld/build/wpa_supplicant -lwpa_supplicant -LC:/msys32/home/BLE-DoorLock/workspace/HelloWorld/build/xtensa-debug-module -lxtensa-debug-module -lgcc -lstdc++ -lgcov -Wl,--end-group -Wl,-EL -o C:/msys32/home/BLE-DoorLock/workspace/HelloWorld/build/hello-world.elf -Wl,-Map=C:/msys32/home/BLE-DoorLock/workspace/HelloWorld/build/hello-world.map
python C:/msys32/home/sideridis/esp/esp-idf/components/esptool_py/esptool/esptool.py --chip esp32 elf2image --flash_mode "dio" --flash_freq "40m" --flash_size "2MB"  -o C:/msys32/home/BLE-DoorLock/workspace/HelloWorld/build/hello-world.bin C:/msys32/home/BLE-DoorLock/workspace/HelloWorld/build/hello-world.elf
esptool.py v2.1
Flashing binaries to serial port COM3 (app at offset 0x10000)...
python C:/msys32/home/sideridis/esp/esp-idf/components/esptool_py/esptool/esptool.py --chip esp32 --port "COM3" --baud 115200 --before "default_reset" --after "hard_reset" write_flash -z --flash_mode "dio" --flash_freq "40m" --flash_size detect 0x1000 C:/msys32/home/BLE-DoorLock/workspace/HelloWorld/build/bootloader/bootloader.bin 0x10000 C:/msys32/home/BLE-DoorLock/workspace/HelloWorld/build/hello-world.bin 0x8000 C:/msys32/home/BLE-DoorLock/workspace/HelloWorld/build/partitions_singleapp.bin
esptool.py v2.1
Connecting....
Chip is ESP32D0WDQ6 (revision 1)
Uploading stub...
Running stub...
Stub running...
Configuring flash size...
Auto-detected Flash size: 4MB
Flash params set to 0x0220
Compressed 18160 bytes to 10737...

Writing at 0x00001000... (100 %)
Wrote 18160 bytes (10737 compressed) at 0x00001000 in 0.9 seconds (effective 153.4 kbit/s)...
Hash of data verified.
Compressed 129248 bytes to 67408...

Writing at 0x00010000... (20 %)
Writing at 0x00014000... (40 %)
Writing at 0x00018000... (60 %)
Writing at 0x0001c000... (80 %)
Writing at 0x00020000... (100 %)
Wrote 129248 bytes (67408 compressed) at 0x00010000 in 5.9 seconds (effective 174.0 kbit/s)...
Hash of data verified.
Compressed 3072 bytes to 82...

Writing at 0x00008000... (100 %)
Wrote 3072 bytes (82 compressed) at 0x00008000 in 0.0 seconds (effective 1983.6 kbit/s)...
Hash of data verified.

Leaving...
Hard resetting...

11:42:11 Build Finished (took 19s.75ms)

